<?xml version="1.0" encoding="UTF-8"?>
<robot generator="Robot 4.1.2 (Python 3.10.2 on win32)" generated="20220328 12:40:23.225" rpa="false" schemaversion="2">
<suite id="s1" name="ValidarJsonSchema" source="C:\Users\leona\git\AutomationWithJsonSchemaValidator\Resource\ValidarJsonSchema.robot">
<test id="s1-t1" name="Cenário 01 - Validar contrato da API">
<kw name="Dado que leonardo efetua um get na rota">
<kw name="Create Dictionary" library="BuiltIn">
<var>${headers}</var>
<arg>Content-Type=application/json</arg>
<doc>Creates and returns a dictionary based on the given ``items``.</doc>
<msg timestamp="20220328 12:40:23.390" level="INFO">${headers} = {'Content-Type': 'application/json'}</msg>
<status status="PASS" starttime="20220328 12:40:23.390" endtime="20220328 12:40:23.390"/>
</kw>
<kw name="Create Session" library="RequestsLibrary">
<arg>data</arg>
<arg>${URL}</arg>
<doc>Create Session: create a HTTP session to a server</doc>
<msg timestamp="20220328 12:40:23.391" level="INFO">Creating Session using : alias=data, url=http://localhost:3000, headers={},                     cookies={}, auth=None, timeout=None, proxies=None, verify=False,                     debug=0 </msg>
<status status="PASS" starttime="20220328 12:40:23.390" endtime="20220328 12:40:23.391"/>
</kw>
<kw name="GET On Session" library="RequestsLibrary">
<var>${RESPOSTA}</var>
<arg>data</arg>
<arg>${URL}/data</arg>
<arg>headers=${headers}</arg>
<doc>Sends a GET request on a previously created HTTP Session.</doc>
<msg timestamp="20220328 12:40:23.396" level="INFO">GET Request : url=http://localhost:3000/data 
 path_url=/data 
 headers={'User-Agent': 'python-requests/2.26.0', 'Accept-Encoding': 'gzip, deflate', 'Accept': '*/*', 'Connection': 'keep-alive', 'Content-Type': 'application/json'} 
 body=None 
 </msg>
<msg timestamp="20220328 12:40:23.396" level="INFO">GET Response : url=http://localhost:3000/data 
 status=200, reason=OK 
 headers={'Content-Type': 'application/json; charset=utf-8', 'Content-Length': '106', 'Date': 'Mon, 28 Mar 2022 15:40:23 GMT', 'Server': 'Python/3.10 aiohttp/3.8.1'} 
 body={"produtos": [{"id": "1", "nome": "Coca cola 600ml", "descricao": "", "preco": "7.5", "categoria_id": 2}]} 
 </msg>
<msg timestamp="20220328 12:40:23.396" level="INFO">${RESPOSTA} = &lt;Response [200]&gt;</msg>
<status status="PASS" starttime="20220328 12:40:23.391" endtime="20220328 12:40:23.396"/>
</kw>
<kw name="Set Global Variable" library="BuiltIn">
<arg>${RESPOSTA}</arg>
<doc>Makes a variable available globally in all tests and suites.</doc>
<msg timestamp="20220328 12:40:23.397" level="INFO">${RESPOSTA} = &lt;Response [200]&gt;</msg>
<status status="PASS" starttime="20220328 12:40:23.396" endtime="20220328 12:40:23.397"/>
</kw>
<status status="PASS" starttime="20220328 12:40:23.390" endtime="20220328 12:40:23.397"/>
</kw>
<kw name="Então valido o schema da API">
<kw name="Validate Jsonschema From File" library="JsonValidator">
<arg>${RESPOSTA.json()}</arg>
<arg>C:\\Users\\leona\\git\\AutomationWithJsonSchemaValidator\\Resource/JsonSchema.json</arg>
<doc>Validate JSON according to schema, loaded from a file.</doc>
<status status="PASS" starttime="20220328 12:40:23.397" endtime="20220328 12:40:23.400"/>
</kw>
<status status="PASS" starttime="20220328 12:40:23.397" endtime="20220328 12:40:23.400"/>
</kw>
<status status="PASS" starttime="20220328 12:40:23.390" endtime="20220328 12:40:23.400"/>
</test>
<status status="PASS" starttime="20220328 12:40:23.226" endtime="20220328 12:40:23.400"/>
</suite>
<statistics>
<total>
<stat pass="1" fail="0" skip="0">All Tests</stat>
</total>
<tag>
</tag>
<suite>
<stat pass="1" fail="0" skip="0" id="s1" name="ValidarJsonSchema">ValidarJsonSchema</stat>
</suite>
</statistics>
<errors>
</errors>
</robot>
